<?xml version="1.0" encoding="UTF-8"?>
<!-- Generated by org.testng.reporters.JUnitXMLReporter -->
<testsuite ignored="0" hostname="DESKTOP-SL72NKE" failures="0" tests="11" name="API_Test_Execution" time="8.757" errors="0" timestamp="2023-10-03T19:28:27 CDT">
  <testcase classname="api_tests.PetStoreAPI_Tests" name="create_A_Pet" time="3.797"/>
  <testcase classname="api_tests.PetStoreAPI_Tests" name="getPetsByStatus" time="0.747"/>
  <testcase classname="api_tests.PetStoreAPI_Tests" name="invalidGetPetByID" time="0.395"/>
  <testcase classname="api_tests.PetStoreAPI_Tests" name="getApetByID" time="0.522"/>
  <testcase classname="api_tests.PetStoreAPI_Tests" name="update_a_pet" time="0.461"/>
  <testcase classname="api_tests.PetStoreAPI_Tests" name="delete_a_pet" time="0.392"/>
  <testcase classname="api_tests.CraterApiTests" name="fakerTest" time="0.351"/>
  <testcase classname="api_tests.CraterApiTests" name="login" time="0.58"/>
  <testcase classname="api_tests.CraterApiTests" name="create_an_item" time="0.649"/>
  <testcase classname="api_tests.CraterApiTests" name="delete_the_item" time="0.425"/>
  <testcase classname="api_tests.CraterApiTests" name="logout" time="0.327"/>
</testsuite> <!-- API_Test_Execution -->
