<?xml version="1.0" encoding="UTF-8"?>
<!-- Generated by org.testng.reporters.JUnitXMLReporter -->
<testsuite ignored="0" hostname="DESKTOP-SL72NKE" failures="0" tests="5" name="Default test" time="8.125" errors="0" timestamp="2023-09-28T20:35:43 CDT">
  <testcase classname="api_tests.CreaterCustomerAPI" name="crater_login" time="3.623"/>
  <testcase classname="api_tests.CreaterCustomerAPI" name="create_a_customer" time="0.61"/>
  <testcase classname="api_tests.CreaterCustomerAPI" name="list_of_customers" time="2.755"/>
  <testcase classname="api_tests.CreaterCustomerAPI" name="get_a_customer_by_id" time="0.464"/>
  <testcase classname="api_tests.CreaterCustomerAPI" name="update_a_customer_by_id" time="0.592"/>
</testsuite> <!-- Default test -->
