<?xml version="1.0" encoding="UTF-8"?>
<testng-results ignored="0" total="11" passed="11" failed="0" skipped="0">
  <reporter-output>
  </reporter-output>
  <suite started-at="2023-10-03T19:28:18 CDT" name="Crater_API_Regression" finished-at="2023-10-03T19:28:27 CDT" duration-ms="8757">
    <groups>
    </groups>
    <test started-at="2023-10-03T19:28:18 CDT" name="API_Test_Execution" finished-at="2023-10-03T19:28:27 CDT" duration-ms="8757">
      <class name="api_tests.CraterApiTests">
        <test-method signature="fakerTest()[pri:0, instance:api_tests.CraterApiTests@13c9d689]" started-at="2023-10-03T19:28:25 CDT" name="fakerTest" finished-at="2023-10-03T19:28:25 CDT" duration-ms="351" status="PASS">
          <reporter-output>
          </reporter-output>
        </test-method> <!-- fakerTest -->
        <test-method signature="login()[pri:0, instance:api_tests.CraterApiTests@13c9d689]" started-at="2023-10-03T19:28:25 CDT" name="login" finished-at="2023-10-03T19:28:26 CDT" duration-ms="580" status="PASS">
          <reporter-output>
          </reporter-output>
        </test-method> <!-- login -->
        <test-method signature="create_an_item()[pri:0, instance:api_tests.CraterApiTests@13c9d689]" started-at="2023-10-03T19:28:26 CDT" name="create_an_item" finished-at="2023-10-03T19:28:26 CDT" depends-on-methods="api_tests.CraterApiTests.login" duration-ms="649" status="PASS">
          <reporter-output>
          </reporter-output>
        </test-method> <!-- create_an_item -->
        <test-method signature="delete_the_item()[pri:0, instance:api_tests.CraterApiTests@13c9d689]" started-at="2023-10-03T19:28:26 CDT" name="delete_the_item" finished-at="2023-10-03T19:28:27 CDT" depends-on-methods="api_tests.CraterApiTests.create_an_item" duration-ms="425" status="PASS">
          <reporter-output>
          </reporter-output>
        </test-method> <!-- delete_the_item -->
        <test-method signature="logout()[pri:0, instance:api_tests.CraterApiTests@13c9d689]" started-at="2023-10-03T19:28:27 CDT" name="logout" finished-at="2023-10-03T19:28:27 CDT" depends-on-methods="api_tests.CraterApiTests.delete_the_item" duration-ms="327" status="PASS">
          <reporter-output>
          </reporter-output>
        </test-method> <!-- logout -->
      </class> <!-- api_tests.CraterApiTests -->
      <class name="api_tests.PetStoreAPI_Tests">
        <test-method signature="create_A_Pet()[pri:0, instance:api_tests.PetStoreAPI_Tests@618b19ad]" started-at="2023-10-03T19:28:19 CDT" name="create_A_Pet" finished-at="2023-10-03T19:28:22 CDT" duration-ms="3797" status="PASS">
          <reporter-output>
          </reporter-output>
        </test-method> <!-- create_A_Pet -->
        <test-method signature="getPetsByStatus()[pri:0, instance:api_tests.PetStoreAPI_Tests@618b19ad]" started-at="2023-10-03T19:28:22 CDT" name="getPetsByStatus" finished-at="2023-10-03T19:28:23 CDT" duration-ms="747" status="PASS">
          <reporter-output>
          </reporter-output>
        </test-method> <!-- getPetsByStatus -->
        <test-method signature="invalidGetPetByID()[pri:0, instance:api_tests.PetStoreAPI_Tests@618b19ad]" started-at="2023-10-03T19:28:23 CDT" name="invalidGetPetByID" finished-at="2023-10-03T19:28:23 CDT" duration-ms="395" status="PASS">
          <reporter-output>
          </reporter-output>
        </test-method> <!-- invalidGetPetByID -->
        <test-method signature="getApetByID()[pri:0, instance:api_tests.PetStoreAPI_Tests@618b19ad]" started-at="2023-10-03T19:28:23 CDT" name="getApetByID" finished-at="2023-10-03T19:28:24 CDT" depends-on-methods="api_tests.PetStoreAPI_Tests.create_A_Pet" duration-ms="522" status="PASS">
          <reporter-output>
          </reporter-output>
        </test-method> <!-- getApetByID -->
        <test-method signature="update_a_pet()[pri:0, instance:api_tests.PetStoreAPI_Tests@618b19ad]" started-at="2023-10-03T19:28:24 CDT" name="update_a_pet" finished-at="2023-10-03T19:28:24 CDT" depends-on-methods="api_tests.PetStoreAPI_Tests.getApetByID" duration-ms="461" status="PASS">
          <reporter-output>
          </reporter-output>
        </test-method> <!-- update_a_pet -->
        <test-method signature="delete_a_pet()[pri:0, instance:api_tests.PetStoreAPI_Tests@618b19ad]" started-at="2023-10-03T19:28:24 CDT" name="delete_a_pet" finished-at="2023-10-03T19:28:25 CDT" depends-on-methods="api_tests.PetStoreAPI_Tests.update_a_pet" duration-ms="392" status="PASS">
          <reporter-output>
          </reporter-output>
        </test-method> <!-- delete_a_pet -->
      </class> <!-- api_tests.PetStoreAPI_Tests -->
    </test> <!-- API_Test_Execution -->
  </suite> <!-- Crater_API_Regression -->
</testng-results>
